<?xml version="1.0" encoding="UTF-8"?>
<!-- Generated by org.testng.reporters.JUnitReportReporter -->
<testsuite hostname="dongshenyudeMBP" failures="0" tests="4" name="com.yahoo.ycsb.generator.TestUnixEpochTimestampGenerator" time="0.001" errors="0" timestamp="30 Nov 2021 02:28:22 GMT">
  <testcase classname="com.yahoo.ycsb.generator.TestUnixEpochTimestampGenerator" name="ctorWithIntervalAndUnitsAndStart" time="0.000"/>
  <testcase classname="com.yahoo.ycsb.generator.TestUnixEpochTimestampGenerator" name="ctorWithIntervalAndUnits" time="0.000"/>
  <testcase classname="com.yahoo.ycsb.generator.TestUnixEpochTimestampGenerator" name="defaultCtor" time="0.001"/>
  <testcase classname="com.yahoo.ycsb.generator.TestUnixEpochTimestampGenerator" name="variousIntervalsAndUnits" time="0.000"/>
</testsuite>
