<?xml version="1.0" encoding="UTF-8"?>
<!-- Generated by org.testng.reporters.JUnitReportReporter -->
<testsuite hostname="dongshenyudeMBP" failures="0" tests="6" name="com.yahoo.ycsb.generator.TestIncrementingPrintableStringGenerator" time="0.002" errors="0" timestamp="30 Nov 2021 02:28:22 GMT">
  <testcase classname="com.yahoo.ycsb.generator.TestIncrementingPrintableStringGenerator" name="invalidLengths" time="0.000"/>
  <testcase classname="com.yahoo.ycsb.generator.TestIncrementingPrintableStringGenerator" name="rolloverOneCharacterOK" time="0.000"/>
  <testcase classname="com.yahoo.ycsb.generator.TestIncrementingPrintableStringGenerator" name="rolloverException" time="0.000"/>
  <testcase classname="com.yahoo.ycsb.generator.TestIncrementingPrintableStringGenerator" name="rolloverOK" time="0.001"/>
  <testcase classname="com.yahoo.ycsb.generator.TestIncrementingPrintableStringGenerator" name="rolloverOneCharacterException" time="0.000"/>
  <testcase classname="com.yahoo.ycsb.generator.TestIncrementingPrintableStringGenerator" name="invalidCharacterSets" time="0.001"/>
</testsuite>
