<?xml version="1.0" encoding="UTF-8"?>
<!-- Generated by org.testng.reporters.JUnitReportReporter -->
<testsuite hostname="dongshenyudeMBP" failures="0" tests="2" name="com.yahoo.ycsb.workloads.TestCoreWorkload" time="0.003" errors="0" timestamp="30 Nov 2021 02:28:22 GMT">
  <testcase classname="com.yahoo.ycsb.workloads.TestCoreWorkload" name="createOperationChooserNullProperties" time="0.000"/>
  <testcase classname="com.yahoo.ycsb.workloads.TestCoreWorkload" name="createOperationChooser" time="0.003"/>
</testsuite>
