<?xml version="1.0" encoding="UTF-8"?>
<!-- Generated by org.testng.reporters.JUnitReportReporter -->
<testsuite hostname="dongshenyudeMBP" failures="0" tests="6" name="com.yahoo.ycsb.TestUtils" time="0.065" errors="0" timestamp="30 Nov 2021 02:28:22 GMT">
  <testcase classname="com.yahoo.ycsb.TestUtils" name="bytesToDoubleTooShort" time="0.001"/>
  <testcase classname="com.yahoo.ycsb.TestUtils" name="bytesToFromLong" time="0.000"/>
  <testcase classname="com.yahoo.ycsb.TestUtils" name="bytesToFromDouble" time="0.000"/>
  <testcase classname="com.yahoo.ycsb.TestUtils" name="bytesToLongNull" time="0.000"/>
  <testcase classname="com.yahoo.ycsb.TestUtils" name="bytesToLongTooShort" time="0.000"/>
  <testcase classname="com.yahoo.ycsb.TestUtils" name="jvmUtils" time="0.064"/>
</testsuite>
