<?xml version="1.0" encoding="UTF-8"?>
<!-- Generated by org.testng.reporters.JUnitReportReporter -->
<testsuite hostname="dongshenyudeMBP" failures="0" tests="1" name="site.ycsb.measurements.exporter.TestMeasurementsExporter" time="0.159" errors="0" timestamp="29 Nov 2021 13:16:45 GMT">
  <testcase classname="site.ycsb.measurements.exporter.TestMeasurementsExporter" name="testJSONArrayMeasurementsExporter" time="0.159"/>
</testsuite>
