<?xml version="1.0" encoding="UTF-8"?>
<!-- Generated by org.testng.reporters.JUnitReportReporter -->
<testsuite hostname="dongshenyudeMBP" failures="0" tests="3" name="com.yahoo.ycsb.generator.TestRandomDiscreteTimestampGenerator" time="0.032" errors="0" timestamp="30 Nov 2021 02:28:22 GMT">
  <testcase classname="com.yahoo.ycsb.generator.TestRandomDiscreteTimestampGenerator" name="systemTime" time="0.002"/>
  <testcase classname="com.yahoo.ycsb.generator.TestRandomDiscreteTimestampGenerator" name="tooLarge" time="0.029"/>
  <testcase classname="com.yahoo.ycsb.generator.TestRandomDiscreteTimestampGenerator" name="withStartTime" time="0.001"/>
</testsuite>
